[debug] [2020-10-19T16:33:23.264Z] ----------------------------------------------------------------------
[debug] [2020-10-19T16:33:23.266Z] Command:       C:\Program Files\nodejs\node.exe C:\Users\GAURAV\AppData\Roaming\npm\node_modules\firebase-tools\lib\bin\firebase.js serve
[debug] [2020-10-19T16:33:23.267Z] CLI Version:   8.12.1
[debug] [2020-10-19T16:33:23.267Z] Platform:      win32
[debug] [2020-10-19T16:33:23.267Z] Node Version:  v13.10.1
[debug] [2020-10-19T16:33:23.268Z] Time:          Mon Oct 19 2020 22:03:23 GMT+0530 (India Standard Time)
[debug] [2020-10-19T16:33:23.269Z] ----------------------------------------------------------------------
[debug] [2020-10-19T16:33:23.269Z] 
[debug] [2020-10-19T16:33:23.277Z] > command requires scopes: ["email","openid","https://www.googleapis.com/auth/cloudplatformprojects.readonly","https://www.googleapis.com/auth/firebase","https://www.googleapis.com/auth/cloud-platform"]
[debug] [2020-10-19T16:33:23.278Z] > authorizing via signed-in user
[debug] [2020-10-19T16:33:23.278Z] [iam] checking project recipebook-ed200 for permissions ["firebase.projects.get"]
[debug] [2020-10-19T16:33:23.282Z] >>> HTTP REQUEST POST https://cloudresourcemanager.googleapis.com/v1/projects/recipebook-ed200:testIamPermissions  
 {"permissions":["firebase.projects.get"]}
[debug] [2020-10-19T16:33:24.864Z] <<< HTTP RESPONSE 200 {"content-type":"application/json; charset=UTF-8","vary":"X-Origin, Referer, Origin,Accept-Encoding","date":"Mon, 19 Oct 2020 16:33:25 GMT","server":"ESF","cache-control":"private","x-xss-protection":"0","x-frame-options":"SAMEORIGIN","x-content-type-options":"nosniff","server-timing":"gfet4t7; dur=1303","alt-svc":"h3-Q050=\":443\"; ma=2592000,h3-29=\":443\"; ma=2592000,h3-27=\":443\"; ma=2592000,h3-T051=\":443\"; ma=2592000,h3-T050=\":443\"; ma=2592000,h3-Q046=\":443\"; ma=2592000,h3-Q043=\":443\"; ma=2592000,quic=\":443\"; ma=2592000; v=\"46,43\"","accept-ranges":"none","transfer-encoding":"chunked"}
[debug] [2020-10-19T16:33:24.866Z] >>> HTTP REQUEST GET https://firebase.googleapis.com/v1beta1/projects/recipebook-ed200  
 
[debug] [2020-10-19T16:33:25.176Z] <<< HTTP RESPONSE 200 {"content-type":"application/json; charset=UTF-8","vary":"X-Origin, Referer, Origin,Accept-Encoding","date":"Mon, 19 Oct 2020 16:33:25 GMT","server":"ESF","cache-control":"private","x-xss-protection":"0","x-frame-options":"SAMEORIGIN","x-content-type-options":"nosniff","alt-svc":"h3-Q050=\":443\"; ma=2592000,h3-29=\":443\"; ma=2592000,h3-27=\":443\"; ma=2592000,h3-T051=\":443\"; ma=2592000,h3-T050=\":443\"; ma=2592000,h3-Q046=\":443\"; ma=2592000,h3-Q043=\":443\"; ma=2592000,quic=\":443\"; ma=2592000; v=\"46,43\"","accept-ranges":"none","transfer-encoding":"chunked"}
[info] 
[info] === Serving from 'D:\chiefakash\RecipeProject\project'...
[info] 
[debug] [2020-10-19T16:33:25.185Z] >>> HTTP REQUEST GET https://firebase.googleapis.com/v1beta1/projects/recipebook-ed200/webApps/-/config  
 
[debug] [2020-10-19T16:33:26.294Z] <<< HTTP RESPONSE 200 {"content-type":"application/json; charset=UTF-8","vary":"X-Origin, Referer, Origin,Accept-Encoding","date":"Mon, 19 Oct 2020 16:33:26 GMT","server":"ESF","cache-control":"private","x-xss-protection":"0","x-frame-options":"SAMEORIGIN","x-content-type-options":"nosniff","alt-svc":"h3-Q050=\":443\"; ma=2592000,h3-29=\":443\"; ma=2592000,h3-27=\":443\"; ma=2592000,h3-T051=\":443\"; ma=2592000,h3-T050=\":443\"; ma=2592000,h3-Q046=\":443\"; ma=2592000,h3-Q043=\":443\"; ma=2592000,quic=\":443\"; ma=2592000; v=\"46,43\"","accept-ranges":"none","transfer-encoding":"chunked"}
[info] i  hosting: Serving hosting files from: dist/project {"metadata":{"emulator":{"name":"hosting"},"message":"Serving hosting files from: \u001b[1mdist/project\u001b[22m"}}
[info] +  hosting: Local server: http://localhost:5000 {"metadata":{"emulator":{"name":"hosting"},"message":"Local server: \u001b[4m\u001b[1mhttp://localhost:5000\u001b[22m\u001b[24m"}}
